Flow report for computer
Thu Sep 10 08:45:40 2020
Quartus II Version 9.0 Build 235 06/17/2009 Service Pack 2 SJ Web Edition


---------------------
; Table of Contents ;
---------------------
  1. Legal Notice
  2. Flow Summary
  3. Flow Settings
  4. Flow Non-Default Global Settings
  5. Flow Elapsed Time
  6. Flow OS Summary
  7. Flow Log



----------------
; Legal Notice ;
----------------
Copyright (C) 1991-2009 Altera Corporation
Your use of Altera Corporation's design tools, logic functions 
and other software and tools, and its AMPP partner logic 
functions, and any output files from any of the foregoing 
(including device programming or simulation files), and any 
associated documentation or information are expressly subject 
to the terms and conditions of the Altera Program License 
Subscription Agreement, Altera MegaCore Function License 
Agreement, or other applicable license agreement, including, 
without limitation, that your use is for the sole purpose of 
programming logic devices manufactured by Altera and sold by 
Altera or its authorized distributors.  Please refer to the 
applicable agreement for further details.



+-----------------------------------------------------------------------------------+
; Flow Summary                                                                      ;
+------------------------------------+----------------------------------------------+
; Flow Status                        ; Successful - Thu Sep 10 08:45:40 2020        ;
; Quartus II Version                 ; 9.0 Build 235 06/17/2009 SP 2 SJ Web Edition ;
; Revision Name                      ; computer                                     ;
; Top-level Entity Name              ; COMPUTER                                     ;
; Family                             ; Cyclone III                                  ;
; Device                             ; EP3C16Q240C8                                 ;
; Timing Models                      ; Final                                        ;
; Met timing requirements            ; N/A                                          ;
; Total logic elements               ; 3,068                                        ;
;     Total combinational functions  ; 2,108                                        ;
;     Dedicated logic registers      ; 1,022                                        ;
; Total registers                    ; 1022                                         ;
; Total pins                         ; 228                                          ;
; Total virtual pins                 ; 0                                            ;
; Total memory bits                  ; 65,536                                       ;
; Embedded Multiplier 9-bit elements ; 0                                            ;
; Total PLLs                         ; 0                                            ;
+------------------------------------+----------------------------------------------+


+-----------------------------------------+
; Flow Settings                           ;
+-------------------+---------------------+
; Option            ; Setting             ;
+-------------------+---------------------+
; Start date & time ; 09/10/2020 08:44:24 ;
; Main task         ; Compilation         ;
; Revision Name     ; computer            ;
+-------------------+---------------------+


+--------------------------------------------------------------------------------------------------------------------+
; Flow Non-Default Global Settings                                                                                   ;
+------------------------------------+--------------------------------+---------------+-------------+----------------+
; Assignment Name                    ; Value                          ; Default Value ; Entity Name ; Section Id     ;
+------------------------------------+--------------------------------+---------------+-------------+----------------+
; COMPILER_SIGNATURE_ID              ; 52932030035203.159969866406452 ; --            ; --          ; --             ;
; IP_TOOL_NAME                       ; LPM_FF                         ; --            ; --          ; --             ;
; IP_TOOL_NAME                       ; LPM_FF                         ; --            ; --          ; --             ;
; IP_TOOL_NAME                       ; LPM_MUX                        ; --            ; --          ; --             ;
; IP_TOOL_NAME                       ; LPM_MUX                        ; --            ; --          ; --             ;
; IP_TOOL_NAME                       ; LPM_DECODE                     ; --            ; --          ; --             ;
; IP_TOOL_NAME                       ; LPM_COMPARE                    ; --            ; --          ; --             ;
; IP_TOOL_NAME                       ; LPM_COMPARE                    ; --            ; --          ; --             ;
; IP_TOOL_NAME                       ; LPM_CLSHIFT                    ; --            ; --          ; --             ;
; IP_TOOL_NAME                       ; LPM_ADD_SUB                    ; --            ; --          ; --             ;
; IP_TOOL_NAME                       ; LPM_ADD_SUB                    ; --            ; --          ; --             ;
; IP_TOOL_NAME                       ; LPM_OR                         ; --            ; --          ; --             ;
; IP_TOOL_NAME                       ; LPM_OR                         ; --            ; --          ; --             ;
; IP_TOOL_NAME                       ; LPM_CLSHIFT                    ; --            ; --          ; --             ;
; IP_TOOL_NAME                       ; LPM_COMPARE                    ; --            ; --          ; --             ;
; IP_TOOL_NAME                       ; LPM_COMPARE                    ; --            ; --          ; --             ;
; IP_TOOL_NAME                       ; LPM_MUX                        ; --            ; --          ; --             ;
; IP_TOOL_NAME                       ; LPM_MUX                        ; --            ; --          ; --             ;
; IP_TOOL_NAME                       ; LPM_CLSHIFT                    ; --            ; --          ; --             ;
; IP_TOOL_NAME                       ; LPM_ADD_SUB                    ; --            ; --          ; --             ;
; IP_TOOL_NAME                       ; LPM_ADD_SUB                    ; --            ; --          ; --             ;
; IP_TOOL_NAME                       ; LPM_AND                        ; --            ; --          ; --             ;
; IP_TOOL_NAME                       ; LPM_AND                        ; --            ; --          ; --             ;
; IP_TOOL_NAME                       ; LPM_AND                        ; --            ; --          ; --             ;
; IP_TOOL_NAME                       ; LPM_AND                        ; --            ; --          ; --             ;
; IP_TOOL_NAME                       ; LPM_MUX                        ; --            ; --          ; --             ;
; IP_TOOL_NAME                       ; LPM_MUX                        ; --            ; --          ; --             ;
; IP_TOOL_NAME                       ; LPM_AND                        ; --            ; --          ; --             ;
; IP_TOOL_NAME                       ; LPM_AND                        ; --            ; --          ; --             ;
; IP_TOOL_NAME                       ; LPM_AND                        ; --            ; --          ; --             ;
; IP_TOOL_NAME                       ; LPM_AND                        ; --            ; --          ; --             ;
; IP_TOOL_NAME                       ; LPM_MUX                        ; --            ; --          ; --             ;
; IP_TOOL_NAME                       ; LPM_MUX                        ; --            ; --          ; --             ;
; IP_TOOL_NAME                       ; LPM_ADD_SUB                    ; --            ; --          ; --             ;
; IP_TOOL_NAME                       ; LPM_ADD_SUB                    ; --            ; --          ; --             ;
; IP_TOOL_NAME                       ; LPM_OR                         ; --            ; --          ; --             ;
; IP_TOOL_NAME                       ; LPM_OR                         ; --            ; --          ; --             ;
; IP_TOOL_NAME                       ; LPM_AND                        ; --            ; --          ; --             ;
; IP_TOOL_NAME                       ; LPM_AND                        ; --            ; --          ; --             ;
; IP_TOOL_NAME                       ; LPM_MUX                        ; --            ; --          ; --             ;
; IP_TOOL_NAME                       ; LPM_MUX                        ; --            ; --          ; --             ;
; IP_TOOL_NAME                       ; LPM_MUX                        ; --            ; --          ; --             ;
; IP_TOOL_NAME                       ; LPM_MUX                        ; --            ; --          ; --             ;
; IP_TOOL_NAME                       ; LPM_OR                         ; --            ; --          ; --             ;
; IP_TOOL_NAME                       ; LPM_MUX                        ; --            ; --          ; --             ;
; IP_TOOL_NAME                       ; LPM_MUX                        ; --            ; --          ; --             ;
; IP_TOOL_NAME                       ; LPM_FF                         ; --            ; --          ; --             ;
; IP_TOOL_NAME                       ; LPM_MUX                        ; --            ; --          ; --             ;
; IP_TOOL_NAME                       ; LPM_AND                        ; --            ; --          ; --             ;
; IP_TOOL_NAME                       ; LPM_AND                        ; --            ; --          ; --             ;
; IP_TOOL_NAME                       ; LPM_DECODE                     ; --            ; --          ; --             ;
; IP_TOOL_NAME                       ; LPM_DECODE                     ; --            ; --          ; --             ;
; IP_TOOL_NAME                       ; LPM_DECODE                     ; --            ; --          ; --             ;
; IP_TOOL_NAME                       ; LPM_OR                         ; --            ; --          ; --             ;
; IP_TOOL_NAME                       ; LPM_OR                         ; --            ; --          ; --             ;
; IP_TOOL_NAME                       ; LPM_OR                         ; --            ; --          ; --             ;
; IP_TOOL_NAME                       ; LPM_OR                         ; --            ; --          ; --             ;
; IP_TOOL_NAME                       ; LPM_OR                         ; --            ; --          ; --             ;
; IP_TOOL_NAME                       ; LPM_OR                         ; --            ; --          ; --             ;
; IP_TOOL_NAME                       ; LPM_ROM                        ; --            ; --          ; --             ;
; IP_TOOL_NAME                       ; LPM_ROM                        ; --            ; --          ; --             ;
; IP_TOOL_NAME                       ; LPM_ROM                        ; --            ; --          ; --             ;
; IP_TOOL_NAME                       ; LPM_ROM                        ; --            ; --          ; --             ;
; IP_TOOL_NAME                       ; LPM_ROM                        ; --            ; --          ; --             ;
; IP_TOOL_NAME                       ; LPM_RAM_DQ                     ; --            ; --          ; --             ;
; IP_TOOL_VERSION                    ; 9.0                            ; --            ; --          ; --             ;
; IP_TOOL_VERSION                    ; 9.0                            ; --            ; --          ; --             ;
; IP_TOOL_VERSION                    ; 9.0                            ; --            ; --          ; --             ;
; IP_TOOL_VERSION                    ; 9.0                            ; --            ; --          ; --             ;
; IP_TOOL_VERSION                    ; 9.0                            ; --            ; --          ; --             ;
; IP_TOOL_VERSION                    ; 9.0                            ; --            ; --          ; --             ;
; IP_TOOL_VERSION                    ; 9.0                            ; --            ; --          ; --             ;
; IP_TOOL_VERSION                    ; 9.0                            ; --            ; --          ; --             ;
; IP_TOOL_VERSION                    ; 9.0                            ; --            ; --          ; --             ;
; IP_TOOL_VERSION                    ; 9.0                            ; --            ; --          ; --             ;
; IP_TOOL_VERSION                    ; 9.0                            ; --            ; --          ; --             ;
; IP_TOOL_VERSION                    ; 9.0                            ; --            ; --          ; --             ;
; IP_TOOL_VERSION                    ; 9.0                            ; --            ; --          ; --             ;
; IP_TOOL_VERSION                    ; 9.0                            ; --            ; --          ; --             ;
; IP_TOOL_VERSION                    ; 9.0                            ; --            ; --          ; --             ;
; IP_TOOL_VERSION                    ; 9.0                            ; --            ; --          ; --             ;
; IP_TOOL_VERSION                    ; 9.0                            ; --            ; --          ; --             ;
; IP_TOOL_VERSION                    ; 9.0                            ; --            ; --          ; --             ;
; IP_TOOL_VERSION                    ; 9.0                            ; --            ; --          ; --             ;
; IP_TOOL_VERSION                    ; 9.0                            ; --            ; --          ; --             ;
; IP_TOOL_VERSION                    ; 9.0                            ; --            ; --          ; --             ;
; IP_TOOL_VERSION                    ; 9.0                            ; --            ; --          ; --             ;
; IP_TOOL_VERSION                    ; 9.0                            ; --            ; --          ; --             ;
; IP_TOOL_VERSION                    ; 9.0                            ; --            ; --          ; --             ;
; IP_TOOL_VERSION                    ; 9.0                            ; --            ; --          ; --             ;
; IP_TOOL_VERSION                    ; 9.0                            ; --            ; --          ; --             ;
; IP_TOOL_VERSION                    ; 9.0                            ; --            ; --          ; --             ;
; IP_TOOL_VERSION                    ; 9.0                            ; --            ; --          ; --             ;
; IP_TOOL_VERSION                    ; 9.0                            ; --            ; --          ; --             ;
; IP_TOOL_VERSION                    ; 9.0                            ; --            ; --          ; --             ;
; IP_TOOL_VERSION                    ; 9.0                            ; --            ; --          ; --             ;
; IP_TOOL_VERSION                    ; 9.0                            ; --            ; --          ; --             ;
; IP_TOOL_VERSION                    ; 9.0                            ; --            ; --          ; --             ;
; IP_TOOL_VERSION                    ; 9.0                            ; --            ; --          ; --             ;
; IP_TOOL_VERSION                    ; 9.0                            ; --            ; --          ; --             ;
; IP_TOOL_VERSION                    ; 9.0                            ; --            ; --          ; --             ;
; IP_TOOL_VERSION                    ; 9.0                            ; --            ; --          ; --             ;
; IP_TOOL_VERSION                    ; 9.0                            ; --            ; --          ; --             ;
; IP_TOOL_VERSION                    ; 9.0                            ; --            ; --          ; --             ;
; IP_TOOL_VERSION                    ; 9.0                            ; --            ; --          ; --             ;
; IP_TOOL_VERSION                    ; 9.0                            ; --            ; --          ; --             ;
; IP_TOOL_VERSION                    ; 9.0                            ; --            ; --          ; --             ;
; IP_TOOL_VERSION                    ; 9.0                            ; --            ; --          ; --             ;
; IP_TOOL_VERSION                    ; 9.0                            ; --            ; --          ; --             ;
; IP_TOOL_VERSION                    ; 9.0                            ; --            ; --          ; --             ;
; IP_TOOL_VERSION                    ; 9.0                            ; --            ; --          ; --             ;
; IP_TOOL_VERSION                    ; 9.0                            ; --            ; --          ; --             ;
; IP_TOOL_VERSION                    ; 9.0                            ; --            ; --          ; --             ;
; IP_TOOL_VERSION                    ; 9.0                            ; --            ; --          ; --             ;
; IP_TOOL_VERSION                    ; 9.0                            ; --            ; --          ; --             ;
; IP_TOOL_VERSION                    ; 9.0                            ; --            ; --          ; --             ;
; IP_TOOL_VERSION                    ; 9.0                            ; --            ; --          ; --             ;
; IP_TOOL_VERSION                    ; 9.0                            ; --            ; --          ; --             ;
; IP_TOOL_VERSION                    ; 9.0                            ; --            ; --          ; --             ;
; IP_TOOL_VERSION                    ; 9.0                            ; --            ; --          ; --             ;
; IP_TOOL_VERSION                    ; 9.0                            ; --            ; --          ; --             ;
; IP_TOOL_VERSION                    ; 9.0                            ; --            ; --          ; --             ;
; IP_TOOL_VERSION                    ; 9.0                            ; --            ; --          ; --             ;
; IP_TOOL_VERSION                    ; 9.0                            ; --            ; --          ; --             ;
; IP_TOOL_VERSION                    ; 9.0                            ; --            ; --          ; --             ;
; IP_TOOL_VERSION                    ; 9.0                            ; --            ; --          ; --             ;
; IP_TOOL_VERSION                    ; 9.0                            ; --            ; --          ; --             ;
; IP_TOOL_VERSION                    ; 9.0                            ; --            ; --          ; --             ;
; IP_TOOL_VERSION                    ; 9.0                            ; --            ; --          ; --             ;
; MAX_CORE_JUNCTION_TEMP             ; 85                             ; --            ; --          ; --             ;
; MIN_CORE_JUNCTION_TEMP             ; 0                              ; --            ; --          ; --             ;
; MISC_FILE                          ; lpm_dff0.tdf                   ; --            ; --          ; --             ;
; MISC_FILE                          ; lpm_dff0.bsf                   ; --            ; --          ; --             ;
; MISC_FILE                          ; lpm_dff0.inc                   ; --            ; --          ; --             ;
; MISC_FILE                          ; lpm_dff1.tdf                   ; --            ; --          ; --             ;
; MISC_FILE                          ; lpm_dff1.bsf                   ; --            ; --          ; --             ;
; MISC_FILE                          ; lpm_dff1.inc                   ; --            ; --          ; --             ;
; MISC_FILE                          ; lpm_mux0.tdf                   ; --            ; --          ; --             ;
; MISC_FILE                          ; lpm_mux0.bsf                   ; --            ; --          ; --             ;
; MISC_FILE                          ; lpm_mux0.inc                   ; --            ; --          ; --             ;
; MISC_FILE                          ; lpm_mux1.tdf                   ; --            ; --          ; --             ;
; MISC_FILE                          ; lpm_mux1.bsf                   ; --            ; --          ; --             ;
; MISC_FILE                          ; lpm_mux1.inc                   ; --            ; --          ; --             ;
; MISC_FILE                          ; lpm_decode0.tdf                ; --            ; --          ; --             ;
; MISC_FILE                          ; lpm_decode0.bsf                ; --            ; --          ; --             ;
; MISC_FILE                          ; lpm_decode0.inc                ; --            ; --          ; --             ;
; MISC_FILE                          ; lpm_compare0.tdf               ; --            ; --          ; --             ;
; MISC_FILE                          ; lpm_compare0.bsf               ; --            ; --          ; --             ;
; MISC_FILE                          ; lpm_compare0.inc               ; --            ; --          ; --             ;
; MISC_FILE                          ; lpm_compare1.tdf               ; --            ; --          ; --             ;
; MISC_FILE                          ; lpm_compare1.bsf               ; --            ; --          ; --             ;
; MISC_FILE                          ; lpm_compare1.inc               ; --            ; --          ; --             ;
; MISC_FILE                          ; lpm_clshift0.tdf               ; --            ; --          ; --             ;
; MISC_FILE                          ; lpm_clshift0.bsf               ; --            ; --          ; --             ;
; MISC_FILE                          ; lpm_clshift0.inc               ; --            ; --          ; --             ;
; MISC_FILE                          ; lpm_add_sub0.tdf               ; --            ; --          ; --             ;
; MISC_FILE                          ; lpm_add_sub0.bsf               ; --            ; --          ; --             ;
; MISC_FILE                          ; lpm_add_sub0.inc               ; --            ; --          ; --             ;
; MISC_FILE                          ; lpm_add_sub1.tdf               ; --            ; --          ; --             ;
; MISC_FILE                          ; lpm_add_sub1.bsf               ; --            ; --          ; --             ;
; MISC_FILE                          ; lpm_add_sub1.inc               ; --            ; --          ; --             ;
; MISC_FILE                          ; lpm_or0.tdf                    ; --            ; --          ; --             ;
; MISC_FILE                          ; lpm_or0.bsf                    ; --            ; --          ; --             ;
; MISC_FILE                          ; lpm_or0.inc                    ; --            ; --          ; --             ;
; MISC_FILE                          ; lpm_or1.tdf                    ; --            ; --          ; --             ;
; MISC_FILE                          ; lpm_or1.bsf                    ; --            ; --          ; --             ;
; MISC_FILE                          ; lpm_or1.inc                    ; --            ; --          ; --             ;
; MISC_FILE                          ; lpm_clshift1.tdf               ; --            ; --          ; --             ;
; MISC_FILE                          ; lpm_clshift1.bsf               ; --            ; --          ; --             ;
; MISC_FILE                          ; lpm_clshift1.inc               ; --            ; --          ; --             ;
; MISC_FILE                          ; lpm_compare2.tdf               ; --            ; --          ; --             ;
; MISC_FILE                          ; lpm_compare2.bsf               ; --            ; --          ; --             ;
; MISC_FILE                          ; lpm_compare2.inc               ; --            ; --          ; --             ;
; MISC_FILE                          ; lpm_compare3.tdf               ; --            ; --          ; --             ;
; MISC_FILE                          ; lpm_compare3.bsf               ; --            ; --          ; --             ;
; MISC_FILE                          ; lpm_compare3.inc               ; --            ; --          ; --             ;
; MISC_FILE                          ; lpm_mux2.tdf                   ; --            ; --          ; --             ;
; MISC_FILE                          ; lpm_mux2.bsf                   ; --            ; --          ; --             ;
; MISC_FILE                          ; lpm_mux2.inc                   ; --            ; --          ; --             ;
; MISC_FILE                          ; lpm_mux3.tdf                   ; --            ; --          ; --             ;
; MISC_FILE                          ; lpm_mux3.bsf                   ; --            ; --          ; --             ;
; MISC_FILE                          ; lpm_mux3.inc                   ; --            ; --          ; --             ;
; MISC_FILE                          ; lpm_clshift2.tdf               ; --            ; --          ; --             ;
; MISC_FILE                          ; lpm_clshift2.bsf               ; --            ; --          ; --             ;
; MISC_FILE                          ; lpm_clshift2.inc               ; --            ; --          ; --             ;
; MISC_FILE                          ; lpm_add_sub2.tdf               ; --            ; --          ; --             ;
; MISC_FILE                          ; lpm_add_sub2.bsf               ; --            ; --          ; --             ;
; MISC_FILE                          ; lpm_add_sub2.inc               ; --            ; --          ; --             ;
; MISC_FILE                          ; lpm_add_sub3.tdf               ; --            ; --          ; --             ;
; MISC_FILE                          ; lpm_add_sub3.bsf               ; --            ; --          ; --             ;
; MISC_FILE                          ; lpm_add_sub3.inc               ; --            ; --          ; --             ;
; MISC_FILE                          ; lpm_and0.tdf                   ; --            ; --          ; --             ;
; MISC_FILE                          ; lpm_and0.bsf                   ; --            ; --          ; --             ;
; MISC_FILE                          ; lpm_and0.inc                   ; --            ; --          ; --             ;
; MISC_FILE                          ; lpm_and1.tdf                   ; --            ; --          ; --             ;
; MISC_FILE                          ; lpm_and1.bsf                   ; --            ; --          ; --             ;
; MISC_FILE                          ; lpm_and1.inc                   ; --            ; --          ; --             ;
; MISC_FILE                          ; lpm_and2.tdf                   ; --            ; --          ; --             ;
; MISC_FILE                          ; lpm_and2.bsf                   ; --            ; --          ; --             ;
; MISC_FILE                          ; lpm_and2.inc                   ; --            ; --          ; --             ;
; MISC_FILE                          ; lpm_and3.tdf                   ; --            ; --          ; --             ;
; MISC_FILE                          ; lpm_and3.bsf                   ; --            ; --          ; --             ;
; MISC_FILE                          ; lpm_and3.inc                   ; --            ; --          ; --             ;
; MISC_FILE                          ; lpm_mux4.tdf                   ; --            ; --          ; --             ;
; MISC_FILE                          ; lpm_mux4.bsf                   ; --            ; --          ; --             ;
; MISC_FILE                          ; lpm_mux4.inc                   ; --            ; --          ; --             ;
; MISC_FILE                          ; lpm_mux5.tdf                   ; --            ; --          ; --             ;
; MISC_FILE                          ; lpm_mux5.bsf                   ; --            ; --          ; --             ;
; MISC_FILE                          ; lpm_mux5.inc                   ; --            ; --          ; --             ;
; MISC_FILE                          ; lpm_and4.tdf                   ; --            ; --          ; --             ;
; MISC_FILE                          ; lpm_and4.bsf                   ; --            ; --          ; --             ;
; MISC_FILE                          ; lpm_and4.inc                   ; --            ; --          ; --             ;
; MISC_FILE                          ; lpm_and5.tdf                   ; --            ; --          ; --             ;
; MISC_FILE                          ; lpm_and5.bsf                   ; --            ; --          ; --             ;
; MISC_FILE                          ; lpm_and5.inc                   ; --            ; --          ; --             ;
; MISC_FILE                          ; lpm_and6.tdf                   ; --            ; --          ; --             ;
; MISC_FILE                          ; lpm_and6.bsf                   ; --            ; --          ; --             ;
; MISC_FILE                          ; lpm_and6.inc                   ; --            ; --          ; --             ;
; MISC_FILE                          ; lpm_and7.tdf                   ; --            ; --          ; --             ;
; MISC_FILE                          ; lpm_and7.bsf                   ; --            ; --          ; --             ;
; MISC_FILE                          ; lpm_and7.inc                   ; --            ; --          ; --             ;
; MISC_FILE                          ; lpm_mux6.tdf                   ; --            ; --          ; --             ;
; MISC_FILE                          ; lpm_mux6.bsf                   ; --            ; --          ; --             ;
; MISC_FILE                          ; lpm_mux6.inc                   ; --            ; --          ; --             ;
; MISC_FILE                          ; lpm_mux7.tdf                   ; --            ; --          ; --             ;
; MISC_FILE                          ; lpm_mux7.bsf                   ; --            ; --          ; --             ;
; MISC_FILE                          ; lpm_mux7.inc                   ; --            ; --          ; --             ;
; MISC_FILE                          ; lpm_add_sub4.tdf               ; --            ; --          ; --             ;
; MISC_FILE                          ; lpm_add_sub4.bsf               ; --            ; --          ; --             ;
; MISC_FILE                          ; lpm_add_sub4.inc               ; --            ; --          ; --             ;
; MISC_FILE                          ; lpm_add_sub5.tdf               ; --            ; --          ; --             ;
; MISC_FILE                          ; lpm_add_sub5.bsf               ; --            ; --          ; --             ;
; MISC_FILE                          ; lpm_add_sub5.inc               ; --            ; --          ; --             ;
; MISC_FILE                          ; lpm_or2.tdf                    ; --            ; --          ; --             ;
; MISC_FILE                          ; lpm_or2.bsf                    ; --            ; --          ; --             ;
; MISC_FILE                          ; lpm_or2.inc                    ; --            ; --          ; --             ;
; MISC_FILE                          ; lpm_or3.tdf                    ; --            ; --          ; --             ;
; MISC_FILE                          ; lpm_or3.bsf                    ; --            ; --          ; --             ;
; MISC_FILE                          ; lpm_or3.inc                    ; --            ; --          ; --             ;
; MISC_FILE                          ; lpm_and8.tdf                   ; --            ; --          ; --             ;
; MISC_FILE                          ; lpm_and8.bsf                   ; --            ; --          ; --             ;
; MISC_FILE                          ; lpm_and8.inc                   ; --            ; --          ; --             ;
; MISC_FILE                          ; lpm_and9.tdf                   ; --            ; --          ; --             ;
; MISC_FILE                          ; lpm_and9.bsf                   ; --            ; --          ; --             ;
; MISC_FILE                          ; lpm_and9.inc                   ; --            ; --          ; --             ;
; MISC_FILE                          ; lpm_mux8.tdf                   ; --            ; --          ; --             ;
; MISC_FILE                          ; lpm_mux8.bsf                   ; --            ; --          ; --             ;
; MISC_FILE                          ; lpm_mux8.inc                   ; --            ; --          ; --             ;
; MISC_FILE                          ; lpm_mux9.tdf                   ; --            ; --          ; --             ;
; MISC_FILE                          ; lpm_mux9.bsf                   ; --            ; --          ; --             ;
; MISC_FILE                          ; lpm_mux9.inc                   ; --            ; --          ; --             ;
; MISC_FILE                          ; lpm_mux10.tdf                  ; --            ; --          ; --             ;
; MISC_FILE                          ; lpm_mux10.bsf                  ; --            ; --          ; --             ;
; MISC_FILE                          ; lpm_mux10.inc                  ; --            ; --          ; --             ;
; MISC_FILE                          ; lpm_mux11.tdf                  ; --            ; --          ; --             ;
; MISC_FILE                          ; lpm_mux11.bsf                  ; --            ; --          ; --             ;
; MISC_FILE                          ; lpm_mux11.inc                  ; --            ; --          ; --             ;
; MISC_FILE                          ; lpm_or4.tdf                    ; --            ; --          ; --             ;
; MISC_FILE                          ; lpm_or4.bsf                    ; --            ; --          ; --             ;
; MISC_FILE                          ; lpm_or4.inc                    ; --            ; --          ; --             ;
; MISC_FILE                          ; lpm_mux12.tdf                  ; --            ; --          ; --             ;
; MISC_FILE                          ; lpm_mux12.bsf                  ; --            ; --          ; --             ;
; MISC_FILE                          ; lpm_mux12.inc                  ; --            ; --          ; --             ;
; MISC_FILE                          ; lpm_mux13.tdf                  ; --            ; --          ; --             ;
; MISC_FILE                          ; lpm_mux13.bsf                  ; --            ; --          ; --             ;
; MISC_FILE                          ; lpm_mux13.inc                  ; --            ; --          ; --             ;
; MISC_FILE                          ; lpm_dff2.tdf                   ; --            ; --          ; --             ;
; MISC_FILE                          ; lpm_dff2.bsf                   ; --            ; --          ; --             ;
; MISC_FILE                          ; lpm_dff2.inc                   ; --            ; --          ; --             ;
; MISC_FILE                          ; lpm_mux14.tdf                  ; --            ; --          ; --             ;
; MISC_FILE                          ; lpm_mux14.bsf                  ; --            ; --          ; --             ;
; MISC_FILE                          ; lpm_mux14.inc                  ; --            ; --          ; --             ;
; MISC_FILE                          ; lpm_and10.tdf                  ; --            ; --          ; --             ;
; MISC_FILE                          ; lpm_and10.bsf                  ; --            ; --          ; --             ;
; MISC_FILE                          ; lpm_and10.inc                  ; --            ; --          ; --             ;
; MISC_FILE                          ; lpm_and11.tdf                  ; --            ; --          ; --             ;
; MISC_FILE                          ; lpm_and11.bsf                  ; --            ; --          ; --             ;
; MISC_FILE                          ; lpm_and11.inc                  ; --            ; --          ; --             ;
; MISC_FILE                          ; lpm_decode1.tdf                ; --            ; --          ; --             ;
; MISC_FILE                          ; lpm_decode1.bsf                ; --            ; --          ; --             ;
; MISC_FILE                          ; lpm_decode1.inc                ; --            ; --          ; --             ;
; MISC_FILE                          ; lpm_decode2.tdf                ; --            ; --          ; --             ;
; MISC_FILE                          ; lpm_decode2.bsf                ; --            ; --          ; --             ;
; MISC_FILE                          ; lpm_decode2.inc                ; --            ; --          ; --             ;
; MISC_FILE                          ; lpm_decode3.tdf                ; --            ; --          ; --             ;
; MISC_FILE                          ; lpm_decode3.bsf                ; --            ; --          ; --             ;
; MISC_FILE                          ; lpm_decode3.inc                ; --            ; --          ; --             ;
; MISC_FILE                          ; lpm_or5.tdf                    ; --            ; --          ; --             ;
; MISC_FILE                          ; lpm_or5.bsf                    ; --            ; --          ; --             ;
; MISC_FILE                          ; lpm_or5.inc                    ; --            ; --          ; --             ;
; MISC_FILE                          ; lpm_or6.tdf                    ; --            ; --          ; --             ;
; MISC_FILE                          ; lpm_or6.bsf                    ; --            ; --          ; --             ;
; MISC_FILE                          ; lpm_or6.inc                    ; --            ; --          ; --             ;
; MISC_FILE                          ; lpm_or7.tdf                    ; --            ; --          ; --             ;
; MISC_FILE                          ; lpm_or7.bsf                    ; --            ; --          ; --             ;
; MISC_FILE                          ; lpm_or7.inc                    ; --            ; --          ; --             ;
; MISC_FILE                          ; lpm_or8.tdf                    ; --            ; --          ; --             ;
; MISC_FILE                          ; lpm_or8.bsf                    ; --            ; --          ; --             ;
; MISC_FILE                          ; lpm_or8.inc                    ; --            ; --          ; --             ;
; MISC_FILE                          ; lpm_or9.tdf                    ; --            ; --          ; --             ;
; MISC_FILE                          ; lpm_or9.bsf                    ; --            ; --          ; --             ;
; MISC_FILE                          ; lpm_or9.inc                    ; --            ; --          ; --             ;
; MISC_FILE                          ; lpm_or10.tdf                   ; --            ; --          ; --             ;
; MISC_FILE                          ; lpm_or10.bsf                   ; --            ; --          ; --             ;
; MISC_FILE                          ; lpm_or10.inc                   ; --            ; --          ; --             ;
; MISC_FILE                          ; lpm_rom0.tdf                   ; --            ; --          ; --             ;
; MISC_FILE                          ; lpm_rom0.bsf                   ; --            ; --          ; --             ;
; MISC_FILE                          ; lpm_rom0.inc                   ; --            ; --          ; --             ;
; MISC_FILE                          ; lpm_rom1.tdf                   ; --            ; --          ; --             ;
; MISC_FILE                          ; lpm_rom1.bsf                   ; --            ; --          ; --             ;
; MISC_FILE                          ; lpm_rom1.inc                   ; --            ; --          ; --             ;
; MISC_FILE                          ; lpm_rom2.tdf                   ; --            ; --          ; --             ;
; MISC_FILE                          ; lpm_rom2.bsf                   ; --            ; --          ; --             ;
; MISC_FILE                          ; lpm_rom2.inc                   ; --            ; --          ; --             ;
; MISC_FILE                          ; lpm_rom3.tdf                   ; --            ; --          ; --             ;
; MISC_FILE                          ; lpm_rom3.bsf                   ; --            ; --          ; --             ;
; MISC_FILE                          ; lpm_rom3.inc                   ; --            ; --          ; --             ;
; MISC_FILE                          ; lpm_rom4.tdf                   ; --            ; --          ; --             ;
; MISC_FILE                          ; lpm_rom4.bsf                   ; --            ; --          ; --             ;
; MISC_FILE                          ; lpm_rom4.inc                   ; --            ; --          ; --             ;
; MISC_FILE                          ; lpm_ram_dq0.tdf                ; --            ; --          ; --             ;
; MISC_FILE                          ; lpm_ram_dq0.bsf                ; --            ; --          ; --             ;
; MISC_FILE                          ; lpm_ram_dq0.inc                ; --            ; --          ; --             ;
; NOMINAL_CORE_SUPPLY_VOLTAGE        ; 1.2V                           ; --            ; --          ; --             ;
; PARTITION_COLOR                    ; 16764057                       ; --            ; COMPUTER    ; Top            ;
; PARTITION_NETLIST_TYPE             ; SOURCE                         ; --            ; COMPUTER    ; Top            ;
; USE_GENERATED_PHYSICAL_CONSTRAINTS ; Off                            ; --            ; --          ; eda_blast_fpga ;
+------------------------------------+--------------------------------+---------------+-------------+----------------+


+--------------------------------------------------------------------------------------------------------------------------+
; Flow Elapsed Time                                                                                                        ;
+----------------------+--------------+-------------------------+---------------------+------------------------------------+
; Module Name          ; Elapsed Time ; Average Processors Used ; Peak Virtual Memory ; Total CPU Time (on all processors) ;
+----------------------+--------------+-------------------------+---------------------+------------------------------------+
; Analysis & Synthesis ; 00:01:15     ; 1.0                     ; 271 MB              ; 00:01:11                           ;
; Total                ; 00:01:15     ; --                      ; --                  ; 00:01:11                           ;
+----------------------+--------------+-------------------------+---------------------+------------------------------------+


+---------------------------------------------------------------------------------------+
; Flow OS Summary                                                                       ;
+----------------------+------------------+---------------+------------+----------------+
; Module Name          ; Machine Hostname ; OS Name       ; OS Version ; Processor type ;
+----------------------+------------------+---------------+------------+----------------+
; Analysis & Synthesis ; DESKTOP-7TH8CSK  ; Windows Vista ; 6.2        ; x86_64         ;
+----------------------+------------------+---------------+------------+----------------+


------------
; Flow Log ;
------------
quartus_map --read_settings_files=on --write_settings_files=off computer -c computer



